<?xml version="1.0" encoding="UTF-8"?>
<!-- Generated by org.testng.reporters.JUnitReportReporter -->
<testsuite hostname="LAPTOP-IBSQBJ25" failures="0" tests="4" name="com.selenium.Day_7.Testcase_2" time="0.040" errors="0" timestamp="2023-06-07T11:38:15 IST" skipped="0">
  <testcase classname="com.selenium.Day_7.Testcase_2" name="subtract" time="0.004"/>
  <system-out/>
  <testcase classname="com.selenium.Day_7.Testcase_2" name="multiply" time="0.003"/>
  <system-out/>
  <testcase classname="com.selenium.Day_7.Testcase_2" name="divide" time="0.028"/>
  <system-out/>
  <testcase classname="com.selenium.Day_7.Testcase_2" name="f" time="0.005"/>
  <system-out/>
</testsuite> <!-- com.selenium.Day_7.Testcase_2 -->
